# JRE version: Java(TM) SE Runtime Environment (8.0_72-b15) (build 1.8.0_72-b15)
# Java VM: Java HotSpot(TM) 64-Bit Server VM (25.72-b15 mixed mode linux-amd64 compressed oops)
Heap:
 PSYoungGen      total 321536K, used 0K [0x00000000eab00000, 0x0000000100000000, 0x0000000100000000)
  eden space 293888K, 0% used [0x00000000eab00000,0x00000000eab00000,0x00000000fca00000)
  from space 27648K, 0% used [0x00000000fca00000,0x00000000fca00000,0x00000000fe500000)
  to   space 27648K, 0% used [0x00000000fe500000,0x00000000fe500000,0x0000000100000000)
 ParOldGen       total 57856K, used 56281K [0x00000000c0000000, 0x00000000c3880000, 0x00000000eab00000)
  object space 57856K, 97% used [0x00000000c0000000,0x00000000c36f67d8,0x00000000c3880000)
 Metaspace       used 56913K, capacity 57934K, committed 60928K, reserved 1101824K
  class space    used 7453K, capacity 7664K, committed 8448K, reserved 1048576K
GC Heap History (10 events):
Event: 21,061 GC heap after
Heap after GC invocations=14 (full 2):
 PSYoungGen      total 257024K, used 20448K [0x00000000eab00000, 0x00000000fcd80000, 0x0000000100000000)
  eden space 236544K, 0% used [0x00000000eab00000,0x00000000eab00000,0x00000000f9200000)
  from space 20480K, 99% used [0x00000000fac80000,0x00000000fc0780a8,0x00000000fc080000)
  to   space 27136K, 0% used [0x00000000f9200000,0x00000000f9200000,0x00000000fac80000)
 ParOldGen       total 57856K, used 33756K [0x00000000c0000000, 0x00000000c3880000, 0x00000000eab00000)
  object space 57856K, 58% used [0x00000000c0000000,0x00000000c20f71b0,0x00000000c3880000)
 Metaspace       used 51766K, capacity 53350K, committed 53632K, reserved 1095680K
  class space    used 7066K, capacity 7492K, committed 7552K, reserved 1048576K
}
Event: 21,061 GC heap before
{Heap before GC invocations=15 (full 3):
 PSYoungGen      total 257024K, used 20448K [0x00000000eab00000, 0x00000000fcd80000, 0x0000000100000000)
  eden space 236544K, 0% used [0x00000000eab00000,0x00000000eab00000,0x00000000f9200000)
  from space 20480K, 99% used [0x00000000fac80000,0x00000000fc0780a8,0x00000000fc080000)
  to   space 27136K, 0% used [0x00000000f9200000,0x00000000f9200000,0x00000000fac80000)
 ParOldGen       total 57856K, used 33756K [0x00000000c0000000, 0x00000000c3880000, 0x00000000eab00000)
  object space 57856K, 58% used [0x00000000c0000000,0x00000000c20f71b0,0x00000000c3880000)
 Metaspace       used 51766K, capacity 53350K, committed 53632K, reserved 1095680K
  class space    used 7066K, capacity 7492K, committed 7552K, reserved 1048576K
Event: 21,219 GC heap after
Heap after GC invocations=15 (full 3):
 PSYoungGen      total 257024K, used 0K [0x00000000eab00000, 0x00000000fcd80000, 0x0000000100000000)
  eden space 236544K, 0% used [0x00000000eab00000,0x00000000eab00000,0x00000000f9200000)
  from space 20480K, 0% used [0x00000000fac80000,0x00000000fac80000,0x00000000fc080000)
  to   space 27136K, 0% used [0x00000000f9200000,0x00000000f9200000,0x00000000fac80000)
 ParOldGen       total 57856K, used 44953K [0x00000000c0000000, 0x00000000c3880000, 0x00000000eab00000)
  object space 57856K, 77% used [0x00000000c0000000,0x00000000c2be6570,0x00000000c3880000)
 Metaspace       used 51766K, capacity 53350K, committed 53632K, reserved 1095680K
  class space    used 7066K, capacity 7492K, committed 7552K, reserved 1048576K
}
Event: 30,430 GC heap before
{Heap before GC invocations=16 (full 3):
 PSYoungGen      total 257024K, used 236544K [0x00000000eab00000, 0x00000000fcd80000, 0x0000000100000000)
  eden space 236544K, 100% used [0x00000000eab00000,0x00000000f9200000,0x00000000f9200000)
  from space 20480K, 0% used [0x00000000fac80000,0x00000000fac80000,0x00000000fc080000)
  to   space 27136K, 0% used [0x00000000f9200000,0x00000000f9200000,0x00000000fac80000)
 ParOldGen       total 57856K, used 44953K [0x00000000c0000000, 0x00000000c3880000, 0x00000000eab00000)
  object space 57856K, 77% used [0x00000000c0000000,0x00000000c2be6570,0x00000000c3880000)
 Metaspace       used 56290K, capacity 58162K, committed 58368K, reserved 1099776K
  class space    used 7598K, capacity 8103K, committed 8192K, reserved 1048576K
Event: 30,451 GC heap after
Heap after GC invocations=16 (full 3):
 PSYoungGen      total 263680K, used 16081K [0x00000000eab00000, 0x0000000100000000, 0x0000000100000000)
  eden space 236544K, 0% used [0x00000000eab00000,0x00000000eab00000,0x00000000f9200000)
  from space 27136K, 59% used [0x00000000f9200000,0x00000000fa1b46e0,0x00000000fac80000)
  to   space 27648K, 0% used [0x00000000fe500000,0x00000000fe500000,0x0000000100000000)
 ParOldGen       total 57856K, used 44961K [0x00000000c0000000, 0x00000000c3880000, 0x00000000eab00000)
  object space 57856K, 77% used [0x00000000c0000000,0x00000000c2be8570,0x00000000c3880000)
 Metaspace       used 56290K, capacity 58162K, committed 58368K, reserved 1099776K
  class space    used 7598K, capacity 8103K, committed 8192K, reserved 1048576K
}
Event: 32,847 GC heap before
{Heap before GC invocations=17 (full 3):
 PSYoungGen      total 263680K, used 252625K [0x00000000eab00000, 0x0000000100000000, 0x0000000100000000)
  eden space 236544K, 100% used [0x00000000eab00000,0x00000000f9200000,0x00000000f9200000)
  from space 27136K, 59% used [0x00000000f9200000,0x00000000fa1b46e0,0x00000000fac80000)
  to   space 27648K, 0% used [0x00000000fe500000,0x00000000fe500000,0x0000000100000000)
 ParOldGen       total 57856K, used 44961K [0x00000000c0000000, 0x00000000c3880000, 0x00000000eab00000)
  object space 57856K, 77% used [0x00000000c0000000,0x00000000c2be8570,0x00000000c3880000)
 Metaspace       used 57902K, capacity 59814K, committed 60032K, reserved 1101824K
  class space    used 7776K, capacity 8277K, committed 8320K, reserved 1048576K
Event: 32,897 GC heap after
Heap after GC invocations=17 (full 3):
 PSYoungGen      total 321536K, used 15569K [0x00000000eab00000, 0x0000000100000000, 0x0000000100000000)
  eden space 293888K, 0% used [0x00000000eab00000,0x00000000eab00000,0x00000000fca00000)
  from space 27648K, 56% used [0x00000000fe500000,0x00000000ff4344e8,0x0000000100000000)
  to   space 27648K, 0% used [0x00000000fca00000,0x00000000fca00000,0x00000000fe500000)
 ParOldGen       total 57856K, used 44969K [0x00000000c0000000, 0x00000000c3880000, 0x00000000eab00000)
  object space 57856K, 77% used [0x00000000c0000000,0x00000000c2bea570,0x00000000c3880000)
 Metaspace       used 57902K, capacity 59814K, committed 60032K, reserved 1101824K
  class space    used 7776K, capacity 8277K, committed 8320K, reserved 1048576K
}
Event: 1708,262 GC heap before
{Heap before GC invocations=18 (full 3):
 PSYoungGen      total 321536K, used 309457K [0x00000000eab00000, 0x0000000100000000, 0x0000000100000000)
  eden space 293888K, 100% used [0x00000000eab00000,0x00000000fca00000,0x00000000fca00000)
  from space 27648K, 56% used [0x00000000fe500000,0x00000000ff4344e8,0x0000000100000000)
  to   space 27648K, 0% used [0x00000000fca00000,0x00000000fca00000,0x00000000fe500000)
 ParOldGen       total 57856K, used 44969K [0x00000000c0000000, 0x00000000c3880000, 0x00000000eab00000)
  object space 57856K, 77% used [0x00000000c0000000,0x00000000c2bea570,0x00000000c3880000)
 Metaspace       used 58671K, capacity 60820K, committed 60928K, reserved 1101824K
  class space    used 7863K, capacity 8428K, committed 8448K, reserved 1048576K
Event: 1710,678 GC heap after
Heap after GC invocations=18 (full 3):
 PSYoungGen      total 321536K, used 27645K [0x00000000eab00000, 0x0000000100000000, 0x0000000100000000)
  eden space 293888K, 0% used [0x00000000eab00000,0x00000000eab00000,0x00000000fca00000)
  from space 27648K, 99% used [0x00000000fca00000,0x00000000fe4ff498,0x00000000fe500000)
  to   space 27648K, 0% used [0x00000000fe500000,0x00000000fe500000,0x0000000100000000)
 ParOldGen       total 57856K, used 53476K [0x00000000c0000000, 0x00000000c3880000, 0x00000000eab00000)
  object space 57856K, 92% used [0x00000000c0000000,0x00000000c3439158,0x00000000c3880000)
 Metaspace       used 58671K, capacity 60820K, committed 60928K, reserved 1101824K
  class space    used 7863K, capacity 8428K, committed 8448K, reserved 1048576K
}
Event: 1710,817 GC heap before
{Heap before GC invocations=19 (full 4):
 PSYoungGen      total 321536K, used 27645K [0x00000000eab00000, 0x0000000100000000, 0x0000000100000000)
  eden space 293888K, 0% used [0x00000000eab00000,0x00000000eab00000,0x00000000fca00000)
  from space 27648K, 99% used [0x00000000fca00000,0x00000000fe4ff498,0x00000000fe500000)
  to   space 27648K, 0% used [0x00000000fe500000,0x00000000fe500000,0x0000000100000000)
 ParOldGen       total 57856K, used 53476K [0x00000000c0000000, 0x00000000c3880000, 0x00000000eab00000)
  object space 57856K, 92% used [0x00000000c0000000,0x00000000c3439158,0x00000000c3880000)
 Metaspace       used 58671K, capacity 60820K, committed 60928K, reserved 1101824K
  class space    used 7863K, capacity 8428K, committed 8448K, reserved 1048576K

